<?xml version="1.0" encoding="UTF-8"?>
<!-- Generated by org.testng.reporters.JUnitXMLReporter -->
<testsuite hostname="DESKTOP-J8OAB9K" ignored="0" name="Test" tests="4" failures="0" timestamp="30 Sep 2020 14:08:14 GMT" time="29.021" errors="0">
  <testcase name="validateManagerIdTest" time="0.052" classname="com.testcases.HomePageTest"/>
  <testcase name="validateTitleTest" time="0.008" classname="com.testcases.LoginPageTest"/>
  <testcase name="validUnPwd" time="1.496" classname="com.testcases.LoginPageTest"/>
  <testcase name="invalidUnValidPwd" time="2.969" classname="com.testcases.LoginPageTest"/>
</testsuite> <!-- Test -->
